GROUP,PACKAGE,CLASS,INSTRUCTION_MISSED,INSTRUCTION_COVERED,BRANCH_MISSED,BRANCH_COVERED,LINE_MISSED,LINE_COVERED,COMPLEXITY_MISSED,COMPLEXITY_COVERED,METHOD_MISSED,METHOD_COVERED
Release Candidate,com.smartcodeltd.writer,Writer,27,97,3,9,3,15,3,9,0,6
Release Candidate,com.smartcodeltd.writer,ToFile,15,29,0,0,2,9,0,2,0,2
Release Candidate,com.smartcodeltd.writer,ToStdout,0,19,0,0,0,5,0,2,0,2
Release Candidate,com.smartcodeltd.domain,SystemTime,0,19,0,0,0,7,0,3,0,3
Release Candidate,com.smartcodeltd.domain,Version,0,99,0,4,0,19,0,12,0,10
Release Candidate,com.smartcodeltd,ReleaseCandidateMojo,25,71,8,2,1,15,6,10,1,10
Release Candidate,com.smartcodeltd,VersionMojo,15,61,0,0,2,9,0,3,0,3
Release Candidate,com.smartcodeltd,UpdateVersionMojo,54,80,10,2,4,14,8,6,2,6
