GROUP,PACKAGE,CLASS,INSTRUCTION_MISSED,INSTRUCTION_COVERED,BRANCH_MISSED,BRANCH_COVERED,LINE_MISSED,LINE_COVERED,COMPLEXITY_MISSED,COMPLEXITY_COVERED,METHOD_MISSED,METHOD_COVERED
Release Candidate,com.smartcodeltd.writer,ToFile,15,29,0,0,2,9,0,2,0,2
Release Candidate,com.smartcodeltd.writer,Writer,27,97,3,9,3,15,3,9,0,6
Release Candidate,com.smartcodeltd.writer,ToStdout,0,19,0,0,0,5,0,2,0,2
Release Candidate,com.smartcodeltd.domain,SystemTime,0,19,0,0,0,7,0,3,0,3
Release Candidate,com.smartcodeltd.domain,Version,0,99,0,4,0,19,0,12,0,10
Release Candidate,com.smartcodeltd,ReleaseCandidateMojo,29,76,8,2,2,16,7,11,2,11
Release Candidate,com.smartcodeltd,VersionMojo,15,61,0,0,2,9,0,3,0,3
Release Candidate,com.smartcodeltd,UpdateVersionMojo,42,100,8,4,3,18,7,7,1,7
